<?xml version="1.0" encoding="UTF-8"?>
<!-- Generated by org.testng.reporters.JUnitReportReporter -->
<testsuite skipped="0" hostname="Arnabs-MacBook-Pro.local" name="com.uiFramework.myComp.myApp.testScripts.HomePageTest" tests="1" failures="0" timestamp="21 Aug 2018 07:12:55 GMT" time="17.690" errors="0">
  <testcase name="enterSearchCriteria" time="17.690" classname="com.uiFramework.myComp.myApp.testScripts.HomePageTest"/>
</testsuite> <!-- com.uiFramework.myComp.myApp.testScripts.HomePageTest -->
