<?xml version="1.0" encoding="UTF-8"?>
<!-- Generated by org.testng.reporters.JUnitReportReporter -->
<testsuite skipped="0" hostname="Arnabs-MacBook-Pro.local" name="com.uiFramework.myComp.myApp.testScripts.ProductPageTest" tests="1" failures="0" timestamp="11 Aug 2018 03:09:38 GMT" time="14.450" errors="0">
  <testcase name="scrollAndClick" time="14.450" classname="com.uiFramework.myComp.myApp.testScripts.ProductPageTest"/>
</testsuite> <!-- com.uiFramework.myComp.myApp.testScripts.ProductPageTest -->
