<?xml version="1.0" encoding="UTF-8"?>
<!-- Generated by org.testng.reporters.JUnitReportReporter -->
<testsuite skipped="1" hostname="Arnabs-MacBook-Pro.local" name="com.uiFramework.myComp.myApp.testScripts.HomePageTestDataDriven" tests="2" failures="0" timestamp="10 Aug 2018 12:16:19 GMT" time="23.948" errors="0">
  <testcase name="enterSearchCriteria" time="1.205" classname="com.uiFramework.myComp.myApp.testScripts.HomePageTestDataDriven">
    <skipped/>
  </testcase> <!-- enterSearchCriteria -->
  <testcase name="enterSearchCriteria" time="22.743" classname="com.uiFramework.myComp.myApp.testScripts.HomePageTestDataDriven"/>
</testsuite> <!-- com.uiFramework.myComp.myApp.testScripts.HomePageTestDataDriven -->
