<?xml version="1.0" encoding="UTF-8"?>
<!-- Generated by org.testng.reporters.JUnitReportReporter -->
<testsuite skipped="1" hostname="Arnabs-MacBook-Pro.local" name="com.uiFramework.myComp.myApp.testScripts.HomePageTestDataDrivenTest" tests="2" failures="0" timestamp="20 Aug 2018 10:54:56 GMT" time="17.519" errors="0">
  <testcase name="enterSearchCriteria" time="0.003" classname="com.uiFramework.myComp.myApp.testScripts.HomePageTestDataDrivenTest">
    <skipped/>
  </testcase> <!-- enterSearchCriteria -->
  <testcase name="enterSearchCriteria" time="17.516" classname="com.uiFramework.myComp.myApp.testScripts.HomePageTestDataDrivenTest"/>
</testsuite> <!-- com.uiFramework.myComp.myApp.testScripts.HomePageTestDataDrivenTest -->
